[debug] [2022-09-10T23:05:49.486Z] ----------------------------------------------------------------------
[debug] [2022-09-10T23:05:49.488Z] Command:       C:\Program Files\nodejs\node.exe C:\Users\walte\AppData\Roaming\npm\node_modules\firebase-tools\lib\bin\firebase.js init
[debug] [2022-09-10T23:05:49.489Z] CLI Version:   11.8.1
[debug] [2022-09-10T23:05:49.489Z] Platform:      win32
[debug] [2022-09-10T23:05:49.489Z] Node Version:  v18.7.0
[debug] [2022-09-10T23:05:49.490Z] Time:          Sat Sep 10 2022 20:05:49 GMT-0300 (hora estándar de Argentina)
[debug] [2022-09-10T23:05:49.490Z] ----------------------------------------------------------------------
[debug] 
[debug] [2022-09-10T23:05:49.498Z] > command requires scopes: ["email","openid","https://www.googleapis.com/auth/cloudplatformprojects.readonly","https://www.googleapis.com/auth/firebase","https://www.googleapis.com/auth/cloud-platform"]
[debug] [2022-09-10T23:05:49.499Z] > authorizing via signed-in user (daniwortiz003@gmail.com)
[info] 
     ######## #### ########  ######## ########     ###     ######  ########
     ##        ##  ##     ## ##       ##     ##  ##   ##  ##       ##
     ######    ##  ########  ######   ########  #########  ######  ######
     ##        ##  ##    ##  ##       ##     ## ##     ##       ## ##
     ##       #### ##     ## ######## ########  ##     ##  ######  ########

You're about to initialize a Firebase project in this directory:

  C:\Users\walte\Documents\DWF-Curso\Modulo-8\desafio-mod-8

[info] 
=== Project Setup
[info] 
[info] First, let's associate this project directory with a Firebase project.
[info] You can create multiple project aliases by running firebase use --add, 
[info] but for now we'll just set up a default project.
[info] 
[debug] [2022-09-10T23:07:08.801Z] >>> [apiv2][query] GET https://firebase.googleapis.com/v1beta1/projects pageSize=100
[debug] [2022-09-10T23:07:09.497Z] <<< [apiv2][status] GET https://firebase.googleapis.com/v1beta1/projects 200
[debug] [2022-09-10T23:07:09.497Z] <<< [apiv2][body] GET https://firebase.googleapis.com/v1beta1/projects [omitted]
[info] i  Using project dwf-m8-f0fb8 (dwf-m8) 
[info] 
=== Hosting Setup
[info] 
[info] Your public directory is the folder (relative to your project directory) that
[info] will contain Hosting assets to be uploaded with firebase deploy. If you
[info] have a build process for your assets, use your build's output directory.
[info] 
[debug] [2022-09-10T23:09:19.720Z] >>> [apiv2][query] GET https://www.gstatic.com/firebasejs/releases.json [none]
[debug] [2022-09-10T23:09:19.948Z] <<< [apiv2][status] GET https://www.gstatic.com/firebasejs/releases.json 200
[debug] [2022-09-10T23:09:19.949Z] <<< [apiv2][body] GET https://www.gstatic.com/firebasejs/releases.json {"current":{"version":"9.9.4","browserURL":"https://www.gstatic.com/firebasejs/9.9.4/firebase.js","packageURL":"https://www.gstatic.com/firebasejs/9.9.4/firebase.tgz"},"live":{"version":"9.9","browserURL":"https://www.gstatic.com/firebasejs/live/9.9/firebase.js","packageURL":"https://www.gstatic.com/firebasejs/live/9.9/firebase.tgz"},"components":{"analytics":"https://www.gstatic.com/firebasejs/9.9.4/firebase-analytics.js","app":"https://www.gstatic.com/firebasejs/9.9.4/firebase-app.js","app-check":"https://www.gstatic.com/firebasejs/9.9.4/firebase-app-check.js","auth":"https://www.gstatic.com/firebasejs/9.9.4/firebase-auth.js","auth/cordova":"https://www.gstatic.com/firebasejs/9.9.4/firebase-auth/cordova.js","auth/react-native":"https://www.gstatic.com/firebasejs/9.9.4/firebase-auth/react-native.js","functions":"https://www.gstatic.com/firebasejs/9.9.4/firebase-functions.js","firestore":"https://www.gstatic.com/firebasejs/9.9.4/firebase-firestore.js","firestore/lite":"https://www.gstatic.com/firebasejs/9.9.4/firebase-firestore/lite.js","installations":"https://www.gstatic.com/firebasejs/9.9.4/firebase-installations.js","storage":"https://www.gstatic.com/firebasejs/9.9.4/firebase-storage.js","performance":"https://www.gstatic.com/firebasejs/9.9.4/firebase-performance.js","remote-config":"https://www.gstatic.com/firebasejs/9.9.4/firebase-remote-config.js","messaging":"https://www.gstatic.com/firebasejs/9.9.4/firebase-messaging.js","messaging/sw":"https://www.gstatic.com/firebasejs/9.9.4/firebase-messaging/sw.js","database":"https://www.gstatic.com/firebasejs/9.9.4/firebase-database.js","firestore.memory":"https://www.gstatic.com/firebasejs/9.9.4/firebase-firestore.memory.js"}}
[info] i  Skipping write of ./index.html 
[info] 
[info] i  Didn't detect a .git folder. Assuming C:\Users\walte\Documents\DWF-Curso\Modulo-8\desafio-mod-8 is the project root. 
[info] i  Authorizing with GitHub to upload your service account to a GitHub repository's secrets store. 
[info] 
[info] Visit this URL on this device to log in:
[info] https://github.com/login/oauth/authorize?client_id=89cf50f02ac6aaed3484&state=770802044&redirect_uri=http%3A%2F%2Flocalhost%3A9005&scope=read%3Auser%20repo%20public_repo
[info] 
[info] Waiting for authentication...
[debug] [2022-09-10T23:09:47.763Z] >>> [apiv2][query] POST https://github.com/login/oauth/access_token [none]
[debug] [2022-09-10T23:09:47.763Z] >>> [apiv2][body] POST https://github.com/login/oauth/access_token [stream]
[debug] [2022-09-10T23:09:48.195Z] <<< [apiv2][status] POST https://github.com/login/oauth/access_token 200
[debug] [2022-09-10T23:09:48.195Z] <<< [apiv2][body] POST https://github.com/login/oauth/access_token {"access_token":"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","token_type":"bearer","scope":"read:user,repo"}
[debug] [2022-09-10T23:09:48.200Z] >>> [apiv2][query] GET https://api.github.com/user [none]
[debug] [2022-09-10T23:09:48.889Z] <<< [apiv2][status] GET https://api.github.com/user 200
[debug] [2022-09-10T23:09:48.890Z] <<< [apiv2][body] GET https://api.github.com/user {"login":"walterARG2K","id":80477967,"node_id":"MDQ6VXNlcjgwNDc3OTY3","avatar_url":"https://avatars.githubusercontent.com/u/80477967?v=4","gravatar_id":"","url":"https://api.github.com/users/walterARG2K","html_url":"https://github.com/walterARG2K","followers_url":"https://api.github.com/users/walterARG2K/followers","following_url":"https://api.github.com/users/walterARG2K/following{/other_user}","gists_url":"https://api.github.com/users/walterARG2K/gists{/gist_id}","starred_url":"https://api.github.com/users/walterARG2K/starred{/owner}{/repo}","subscriptions_url":"https://api.github.com/users/walterARG2K/subscriptions","organizations_url":"https://api.github.com/users/walterARG2K/orgs","repos_url":"https://api.github.com/users/walterARG2K/repos","events_url":"https://api.github.com/users/walterARG2K/events{/privacy}","received_events_url":"https://api.github.com/users/walterARG2K/received_events","type":"User","site_admin":false,"name":null,"company":null,"blog":"","location":null,"email":null,"hireable":null,"bio":null,"twitter_username":null,"public_repos":12,"public_gists":0,"followers":0,"following":0,"created_at":"2021-03-11T16:58:25Z","updated_at":"2022-09-09T19:46:41Z","private_gists":2,"total_private_repos":1,"owned_private_repos":1,"disk_usage":1112,"collaborators":0,"two_factor_authentication":false,"plan":{"name":"free","space":976562499,"collaborators":0,"private_repos":10000}}
[info] 
[info] +  Success! Logged into GitHub as walterARG2K 
[info] 
[debug] [2022-09-10T23:15:09.524Z] >>> [apiv2][query] GET https://api.github.com/repos/walterARG2K/desafio-mod-8/actions/secrets/public-key type=owner
[debug] [2022-09-10T23:15:09.979Z] <<< [apiv2][status] GET https://api.github.com/repos/walterARG2K/desafio-mod-8/actions/secrets/public-key 401
[debug] [2022-09-10T23:15:09.979Z] <<< [apiv2][body] GET https://api.github.com/repos/walterARG2K/desafio-mod-8/actions/secrets/public-key {"message":"Bad credentials","documentation_url":"https://docs.github.com/rest"}
[debug] [2022-09-10T23:15:15.097Z] >>> [apiv2][query] GET https://api.github.com/repos/walterARG2K/desafio-mod-8/actions/secrets/public-key type=owner
[debug] [2022-09-10T23:15:15.486Z] <<< [apiv2][status] GET https://api.github.com/repos/walterARG2K/desafio-mod-8/actions/secrets/public-key 401
[debug] [2022-09-10T23:15:15.486Z] <<< [apiv2][body] GET https://api.github.com/repos/walterARG2K/desafio-mod-8/actions/secrets/public-key {"message":"Bad credentials","documentation_url":"https://docs.github.com/rest"}
[debug] [2022-09-10T23:15:26.710Z] >>> [apiv2][query] GET https://api.github.com/repos/walterARG2K/desafio-mod-8/actions/secrets/public-key type=owner
[debug] [2022-09-10T23:15:27.109Z] <<< [apiv2][status] GET https://api.github.com/repos/walterARG2K/desafio-mod-8/actions/secrets/public-key 401
[debug] [2022-09-10T23:15:27.109Z] <<< [apiv2][body] GET https://api.github.com/repos/walterARG2K/desafio-mod-8/actions/secrets/public-key {"message":"Bad credentials","documentation_url":"https://docs.github.com/rest"}
[debug] [2022-09-10T23:15:30.253Z] >>> [apiv2][query] GET https://api.github.com/repos/walterARG2K/desafio-mod-8/actions/secrets/public-key type=owner
[debug] [2022-09-10T23:15:30.660Z] <<< [apiv2][status] GET https://api.github.com/repos/walterARG2K/desafio-mod-8/actions/secrets/public-key 401
[debug] [2022-09-10T23:15:30.660Z] <<< [apiv2][body] GET https://api.github.com/repos/walterARG2K/desafio-mod-8/actions/secrets/public-key {"message":"Bad credentials","documentation_url":"https://docs.github.com/rest"}
[debug] [2022-09-10T23:15:33.008Z] >>> [apiv2][query] GET https://api.github.com/repos/walterARG2K/desafio-mod-8/actions/secrets/public-key type=owner
[debug] [2022-09-10T23:15:33.381Z] <<< [apiv2][status] GET https://api.github.com/repos/walterARG2K/desafio-mod-8/actions/secrets/public-key 401
[debug] [2022-09-10T23:15:33.381Z] <<< [apiv2][body] GET https://api.github.com/repos/walterARG2K/desafio-mod-8/actions/secrets/public-key {"message":"Bad credentials","documentation_url":"https://docs.github.com/rest"}
[debug] [2022-09-10T23:15:34.547Z] >>> [apiv2][query] GET https://api.github.com/repos/walterARG2K/desafio-mod-8/actions/secrets/public-key type=owner
[debug] [2022-09-10T23:15:34.951Z] <<< [apiv2][status] GET https://api.github.com/repos/walterARG2K/desafio-mod-8/actions/secrets/public-key 401
[debug] [2022-09-10T23:15:34.951Z] <<< [apiv2][body] GET https://api.github.com/repos/walterARG2K/desafio-mod-8/actions/secrets/public-key {"message":"Bad credentials","documentation_url":"https://docs.github.com/rest"}
[debug] [2022-09-10T23:15:35.398Z] >>> [apiv2][query] GET https://api.github.com/repos/walterARG2K/desafio-mod-8/actions/secrets/public-key type=owner
[debug] [2022-09-10T23:15:35.774Z] <<< [apiv2][status] GET https://api.github.com/repos/walterARG2K/desafio-mod-8/actions/secrets/public-key 401
[debug] [2022-09-10T23:15:35.774Z] <<< [apiv2][body] GET https://api.github.com/repos/walterARG2K/desafio-mod-8/actions/secrets/public-key {"message":"Bad credentials","documentation_url":"https://docs.github.com/rest"}
[debug] [2022-09-10T23:15:35.894Z] >>> [apiv2][query] GET https://api.github.com/repos/walterARG2K/desafio-mod-8/actions/secrets/public-key type=owner
[debug] [2022-09-10T23:15:36.145Z] >>> [apiv2][query] GET https://api.github.com/repos//actions/secrets/public-key type=owner
[debug] [2022-09-10T23:15:36.280Z] <<< [apiv2][status] GET https://api.github.com/repos/walterARG2K/desafio-mod-8/actions/secrets/public-key 401
[debug] [2022-09-10T23:15:36.280Z] <<< [apiv2][body] GET https://api.github.com/repos/walterARG2K/desafio-mod-8/actions/secrets/public-key {"message":"Bad credentials","documentation_url":"https://docs.github.com/rest"}
[debug] [2022-09-10T23:15:36.350Z] >>> [apiv2][query] GET https://api.github.com/repos/walterARG2K/desafio-mod-8/actions/secrets/public-key type=owner
[debug] [2022-09-10T23:15:36.530Z] <<< [apiv2][status] GET https://api.github.com/repos//actions/secrets/public-key 401
[debug] [2022-09-10T23:15:36.530Z] <<< [apiv2][body] GET https://api.github.com/repos//actions/secrets/public-key {"message":"Bad credentials","documentation_url":"https://docs.github.com/rest"}
[debug] [2022-09-10T23:15:36.533Z] >>> [apiv2][query] GET https://api.github.com/repos//actions/secrets/public-key type=owner
[debug] [2022-09-10T23:15:36.726Z] <<< [apiv2][status] GET https://api.github.com/repos/walterARG2K/desafio-mod-8/actions/secrets/public-key 401
[debug] [2022-09-10T23:15:36.726Z] <<< [apiv2][body] GET https://api.github.com/repos/walterARG2K/desafio-mod-8/actions/secrets/public-key {"message":"Bad credentials","documentation_url":"https://docs.github.com/rest"}
[debug] [2022-09-10T23:15:36.921Z] <<< [apiv2][status] GET https://api.github.com/repos//actions/secrets/public-key 401
[debug] [2022-09-10T23:15:36.921Z] <<< [apiv2][body] GET https://api.github.com/repos//actions/secrets/public-key {"message":"Bad credentials","documentation_url":"https://docs.github.com/rest"}
[debug] [2022-09-10T23:15:49.755Z] >>> [apiv2][query] GET https://api.github.com/repos/walterARG2K/desafio-mod-8/actions/secrets/public-key type=owner
[debug] [2022-09-10T23:15:50.161Z] <<< [apiv2][status] GET https://api.github.com/repos/walterARG2K/desafio-mod-8/actions/secrets/public-key 401
[debug] [2022-09-10T23:15:50.161Z] <<< [apiv2][body] GET https://api.github.com/repos/walterARG2K/desafio-mod-8/actions/secrets/public-key {"message":"Bad credentials","documentation_url":"https://docs.github.com/rest"}
[debug] [2022-09-10T23:15:50.485Z] >>> [apiv2][query] GET https://api.github.com/repos/walterARG2K/desafio-mod-8/actions/secrets/public-key type=owner
[debug] [2022-09-10T23:15:50.853Z] <<< [apiv2][status] GET https://api.github.com/repos/walterARG2K/desafio-mod-8/actions/secrets/public-key 401
[debug] [2022-09-10T23:15:50.853Z] <<< [apiv2][body] GET https://api.github.com/repos/walterARG2K/desafio-mod-8/actions/secrets/public-key {"message":"Bad credentials","documentation_url":"https://docs.github.com/rest"}
[debug] [2022-09-10T23:15:50.983Z] >>> [apiv2][query] GET https://api.github.com/repos/walterARG2K/desafio-mod-8/actions/secrets/public-key type=owner
[debug] [2022-09-10T23:15:51.017Z] >>> [apiv2][query] GET https://api.github.com/repos//actions/secrets/public-key type=owner
[debug] [2022-09-10T23:15:51.051Z] >>> [apiv2][query] GET https://api.github.com/repos//actions/secrets/public-key type=owner
[debug] [2022-09-10T23:15:51.085Z] >>> [apiv2][query] GET https://api.github.com/repos//actions/secrets/public-key type=owner
[debug] [2022-09-10T23:15:51.119Z] >>> [apiv2][query] GET https://api.github.com/repos//actions/secrets/public-key type=owner
[debug] [2022-09-10T23:15:51.154Z] >>> [apiv2][query] GET https://api.github.com/repos//actions/secrets/public-key type=owner
[debug] [2022-09-10T23:15:51.188Z] >>> [apiv2][query] GET https://api.github.com/repos//actions/secrets/public-key type=owner
[debug] [2022-09-10T23:15:51.235Z] >>> [apiv2][query] GET https://api.github.com/repos//actions/secrets/public-key type=owner
[debug] [2022-09-10T23:15:51.254Z] >>> [apiv2][query] GET https://api.github.com/repos//actions/secrets/public-key type=owner
[debug] [2022-09-10T23:15:51.288Z] >>> [apiv2][query] GET https://api.github.com/repos//actions/secrets/public-key type=owner
[debug] [2022-09-10T23:15:51.335Z] >>> [apiv2][query] GET https://api.github.com/repos//actions/secrets/public-key type=owner
[debug] [2022-09-10T23:15:51.354Z] >>> [apiv2][query] GET https://api.github.com/repos//actions/secrets/public-key type=owner
[debug] [2022-09-10T23:15:51.374Z] <<< [apiv2][status] GET https://api.github.com/repos/walterARG2K/desafio-mod-8/actions/secrets/public-key 401
[debug] [2022-09-10T23:15:51.374Z] <<< [apiv2][body] GET https://api.github.com/repos/walterARG2K/desafio-mod-8/actions/secrets/public-key {"message":"Bad credentials","documentation_url":"https://docs.github.com/rest"}
[debug] [2022-09-10T23:15:51.386Z] <<< [apiv2][status] GET https://api.github.com/repos//actions/secrets/public-key 401
[debug] [2022-09-10T23:15:51.386Z] <<< [apiv2][body] GET https://api.github.com/repos//actions/secrets/public-key {"message":"Bad credentials","documentation_url":"https://docs.github.com/rest"}
[debug] [2022-09-10T23:15:51.427Z] <<< [apiv2][status] GET https://api.github.com/repos//actions/secrets/public-key 401
[debug] [2022-09-10T23:15:51.427Z] <<< [apiv2][body] GET https://api.github.com/repos//actions/secrets/public-key {"message":"Bad credentials","documentation_url":"https://docs.github.com/rest"}
[debug] [2022-09-10T23:15:51.455Z] <<< [apiv2][status] GET https://api.github.com/repos//actions/secrets/public-key 401
[debug] [2022-09-10T23:15:51.455Z] <<< [apiv2][body] GET https://api.github.com/repos//actions/secrets/public-key {"message":"Bad credentials","documentation_url":"https://docs.github.com/rest"}
[debug] [2022-09-10T23:15:51.487Z] <<< [apiv2][status] GET https://api.github.com/repos//actions/secrets/public-key 401
[debug] [2022-09-10T23:15:51.488Z] <<< [apiv2][body] GET https://api.github.com/repos//actions/secrets/public-key {"message":"Bad credentials","documentation_url":"https://docs.github.com/rest"}
[debug] [2022-09-10T23:15:51.527Z] <<< [apiv2][status] GET https://api.github.com/repos//actions/secrets/public-key 401
[debug] [2022-09-10T23:15:51.528Z] <<< [apiv2][body] GET https://api.github.com/repos//actions/secrets/public-key {"message":"Bad credentials","documentation_url":"https://docs.github.com/rest"}
[debug] [2022-09-10T23:15:51.540Z] >>> [apiv2][query] GET https://api.github.com/repos/walterARG2K/desafio-mod-8/actions/secrets/public-key type=owner
[debug] [2022-09-10T23:15:51.557Z] <<< [apiv2][status] GET https://api.github.com/repos//actions/secrets/public-key 401
[debug] [2022-09-10T23:15:51.558Z] <<< [apiv2][body] GET https://api.github.com/repos//actions/secrets/public-key {"message":"Bad credentials","documentation_url":"https://docs.github.com/rest"}
[debug] [2022-09-10T23:15:51.601Z] <<< [apiv2][status] GET https://api.github.com/repos//actions/secrets/public-key 401
[debug] [2022-09-10T23:15:51.601Z] <<< [apiv2][body] GET https://api.github.com/repos//actions/secrets/public-key {"message":"Bad credentials","documentation_url":"https://docs.github.com/rest"}
[debug] [2022-09-10T23:15:51.634Z] <<< [apiv2][status] GET https://api.github.com/repos//actions/secrets/public-key 401
[debug] [2022-09-10T23:15:51.634Z] <<< [apiv2][body] GET https://api.github.com/repos//actions/secrets/public-key {"message":"Bad credentials","documentation_url":"https://docs.github.com/rest"}
[debug] [2022-09-10T23:15:51.651Z] <<< [apiv2][status] GET https://api.github.com/repos//actions/secrets/public-key 401
[debug] [2022-09-10T23:15:51.651Z] <<< [apiv2][body] GET https://api.github.com/repos//actions/secrets/public-key {"message":"Bad credentials","documentation_url":"https://docs.github.com/rest"}
[debug] [2022-09-10T23:15:51.739Z] <<< [apiv2][status] GET https://api.github.com/repos//actions/secrets/public-key 401
[debug] [2022-09-10T23:15:51.739Z] <<< [apiv2][body] GET https://api.github.com/repos//actions/secrets/public-key {"message":"Bad credentials","documentation_url":"https://docs.github.com/rest"}
[debug] [2022-09-10T23:15:51.741Z] <<< [apiv2][status] GET https://api.github.com/repos//actions/secrets/public-key 401
[debug] [2022-09-10T23:15:51.742Z] <<< [apiv2][body] GET https://api.github.com/repos//actions/secrets/public-key {"message":"Bad credentials","documentation_url":"https://docs.github.com/rest"}
[debug] [2022-09-10T23:15:51.903Z] <<< [apiv2][status] GET https://api.github.com/repos/walterARG2K/desafio-mod-8/actions/secrets/public-key 401
[debug] [2022-09-10T23:15:51.903Z] <<< [apiv2][body] GET https://api.github.com/repos/walterARG2K/desafio-mod-8/actions/secrets/public-key {"message":"Bad credentials","documentation_url":"https://docs.github.com/rest"}
[debug] [2022-09-10T23:15:52.019Z] >>> [apiv2][query] GET https://api.github.com/repos/walterARG2K/desafio-mod-8/actions/secrets/public-key type=owner
[debug] [2022-09-10T23:15:52.361Z] >>> [apiv2][query] GET https://api.github.com/repos//actions/secrets/public-key type=owner
[debug] [2022-09-10T23:15:52.375Z] <<< [apiv2][status] GET https://api.github.com/repos/walterARG2K/desafio-mod-8/actions/secrets/public-key 401
[debug] [2022-09-10T23:15:52.375Z] <<< [apiv2][body] GET https://api.github.com/repos/walterARG2K/desafio-mod-8/actions/secrets/public-key {"message":"Bad credentials","documentation_url":"https://docs.github.com/rest"}
[debug] [2022-09-10T23:15:52.721Z] >>> [apiv2][query] GET https://api.github.com/repos/walterARG2K/desafio-mod-8/actions/secrets/public-key type=owner
[debug] [2022-09-10T23:15:52.742Z] <<< [apiv2][status] GET https://api.github.com/repos//actions/secrets/public-key 401
[debug] [2022-09-10T23:15:52.742Z] <<< [apiv2][body] GET https://api.github.com/repos//actions/secrets/public-key {"message":"Bad credentials","documentation_url":"https://docs.github.com/rest"}
[debug] [2022-09-10T23:15:53.119Z] <<< [apiv2][status] GET https://api.github.com/repos/walterARG2K/desafio-mod-8/actions/secrets/public-key 401
[debug] [2022-09-10T23:15:53.120Z] <<< [apiv2][body] GET https://api.github.com/repos/walterARG2K/desafio-mod-8/actions/secrets/public-key {"message":"Bad credentials","documentation_url":"https://docs.github.com/rest"}
[debug] [2022-09-10T23:15:56.457Z] >>> [apiv2][query] GET https://api.github.com/repos//actions/secrets/public-key type=owner
[debug] [2022-09-10T23:15:56.841Z] <<< [apiv2][status] GET https://api.github.com/repos//actions/secrets/public-key 401
[debug] [2022-09-10T23:15:56.841Z] <<< [apiv2][body] GET https://api.github.com/repos//actions/secrets/public-key {"message":"Bad credentials","documentation_url":"https://docs.github.com/rest"}
[debug] [2022-09-10T23:15:57.227Z] >>> [apiv2][query] GET https://api.github.com/repos//actions/secrets/public-key type=owner
[debug] [2022-09-10T23:15:57.601Z] <<< [apiv2][status] GET https://api.github.com/repos//actions/secrets/public-key 401
[debug] [2022-09-10T23:15:57.601Z] <<< [apiv2][body] GET https://api.github.com/repos//actions/secrets/public-key {"message":"Bad credentials","documentation_url":"https://docs.github.com/rest"}
[debug] [2022-09-10T23:15:58.904Z] >>> [apiv2][query] GET https://api.github.com/repos/walterARG2K/desafio-mod-8/actions/secrets/public-key type=owner
[debug] [2022-09-10T23:15:59.282Z] <<< [apiv2][status] GET https://api.github.com/repos/walterARG2K/desafio-mod-8/actions/secrets/public-key 401
[debug] [2022-09-10T23:15:59.282Z] <<< [apiv2][body] GET https://api.github.com/repos/walterARG2K/desafio-mod-8/actions/secrets/public-key {"message":"Bad credentials","documentation_url":"https://docs.github.com/rest"}
[debug] [2022-09-10T23:15:59.776Z] >>> [apiv2][query] GET https://api.github.com/repos/walterARG2K/desafio-mod-8/actions/secrets/public-key type=owner
[debug] [2022-09-10T23:16:00.154Z] <<< [apiv2][status] GET https://api.github.com/repos/walterARG2K/desafio-mod-8/actions/secrets/public-key 401
[debug] [2022-09-10T23:16:00.155Z] <<< [apiv2][body] GET https://api.github.com/repos/walterARG2K/desafio-mod-8/actions/secrets/public-key {"message":"Bad credentials","documentation_url":"https://docs.github.com/rest"}
[debug] [2022-09-10T23:16:00.267Z] >>> [apiv2][query] GET https://api.github.com/repos/walterARG2K/desafio-mod-8/actions/secrets/public-key type=owner
[debug] [2022-09-10T23:16:00.301Z] >>> [apiv2][query] GET https://api.github.com/repos//actions/secrets/public-key type=owner
[debug] [2022-09-10T23:16:00.335Z] >>> [apiv2][query] GET https://api.github.com/repos//actions/secrets/public-key type=owner
[debug] [2022-09-10T23:16:00.370Z] >>> [apiv2][query] GET https://api.github.com/repos//actions/secrets/public-key type=owner
[debug] [2022-09-10T23:16:00.404Z] >>> [apiv2][query] GET https://api.github.com/repos//actions/secrets/public-key type=owner
[debug] [2022-09-10T23:16:00.452Z] >>> [apiv2][query] GET https://api.github.com/repos//actions/secrets/public-key type=owner
[debug] [2022-09-10T23:16:00.467Z] >>> [apiv2][query] GET https://api.github.com/repos//actions/secrets/public-key type=owner
[debug] [2022-09-10T23:16:00.504Z] >>> [apiv2][query] GET https://api.github.com/repos//actions/secrets/public-key type=owner
[debug] [2022-09-10T23:16:00.552Z] >>> [apiv2][query] GET https://api.github.com/repos//actions/secrets/public-key type=owner
[debug] [2022-09-10T23:16:00.574Z] >>> [apiv2][query] GET https://api.github.com/repos//actions/secrets/public-key type=owner
[debug] [2022-09-10T23:16:00.606Z] >>> [apiv2][query] GET https://api.github.com/repos//actions/secrets/public-key type=owner
[debug] [2022-09-10T23:16:00.652Z] <<< [apiv2][status] GET https://api.github.com/repos/walterARG2K/desafio-mod-8/actions/secrets/public-key 401
[debug] [2022-09-10T23:16:00.652Z] <<< [apiv2][body] GET https://api.github.com/repos/walterARG2K/desafio-mod-8/actions/secrets/public-key {"message":"Bad credentials","documentation_url":"https://docs.github.com/rest"}
[debug] [2022-09-10T23:16:00.653Z] >>> [apiv2][query] GET https://api.github.com/repos/walterARG2K/desafio-mod-8/actions/secrets/public-key type=owner
[debug] [2022-09-10T23:16:00.666Z] <<< [apiv2][status] GET https://api.github.com/repos//actions/secrets/public-key 401
[debug] [2022-09-10T23:16:00.666Z] <<< [apiv2][body] GET https://api.github.com/repos//actions/secrets/public-key {"message":"Bad credentials","documentation_url":"https://docs.github.com/rest"}
[debug] [2022-09-10T23:16:00.667Z] >>> [apiv2][query] GET https://api.github.com/repos//actions/secrets/public-key type=owner
[debug] [2022-09-10T23:16:00.710Z] <<< [apiv2][status] GET https://api.github.com/repos//actions/secrets/public-key 401
[debug] [2022-09-10T23:16:00.711Z] <<< [apiv2][body] GET https://api.github.com/repos//actions/secrets/public-key {"message":"Bad credentials","documentation_url":"https://docs.github.com/rest"}
[debug] [2022-09-10T23:16:00.737Z] <<< [apiv2][status] GET https://api.github.com/repos//actions/secrets/public-key 401
[debug] [2022-09-10T23:16:00.737Z] <<< [apiv2][body] GET https://api.github.com/repos//actions/secrets/public-key {"message":"Bad credentials","documentation_url":"https://docs.github.com/rest"}
[debug] [2022-09-10T23:16:00.785Z] <<< [apiv2][status] GET https://api.github.com/repos//actions/secrets/public-key 401
[debug] [2022-09-10T23:16:00.785Z] <<< [apiv2][body] GET https://api.github.com/repos//actions/secrets/public-key {"message":"Bad credentials","documentation_url":"https://docs.github.com/rest"}
[debug] [2022-09-10T23:16:00.805Z] <<< [apiv2][status] GET https://api.github.com/repos//actions/secrets/public-key 401
[debug] [2022-09-10T23:16:00.805Z] <<< [apiv2][body] GET https://api.github.com/repos//actions/secrets/public-key {"message":"Bad credentials","documentation_url":"https://docs.github.com/rest"}
[debug] [2022-09-10T23:16:00.810Z] <<< [apiv2][status] GET https://api.github.com/repos//actions/secrets/public-key 401
[debug] [2022-09-10T23:16:00.810Z] <<< [apiv2][body] GET https://api.github.com/repos//actions/secrets/public-key {"message":"Bad credentials","documentation_url":"https://docs.github.com/rest"}
[debug] [2022-09-10T23:16:00.870Z] <<< [apiv2][status] GET https://api.github.com/repos//actions/secrets/public-key 401
[debug] [2022-09-10T23:16:00.870Z] <<< [apiv2][body] GET https://api.github.com/repos//actions/secrets/public-key {"message":"Bad credentials","documentation_url":"https://docs.github.com/rest"}
[debug] [2022-09-10T23:16:00.926Z] <<< [apiv2][status] GET https://api.github.com/repos//actions/secrets/public-key 401
[debug] [2022-09-10T23:16:00.926Z] <<< [apiv2][body] GET https://api.github.com/repos//actions/secrets/public-key {"message":"Bad credentials","documentation_url":"https://docs.github.com/rest"}
[debug] [2022-09-10T23:16:00.979Z] <<< [apiv2][status] GET https://api.github.com/repos//actions/secrets/public-key 401
[debug] [2022-09-10T23:16:00.979Z] <<< [apiv2][body] GET https://api.github.com/repos//actions/secrets/public-key {"message":"Bad credentials","documentation_url":"https://docs.github.com/rest"}
[debug] [2022-09-10T23:16:00.981Z] <<< [apiv2][status] GET https://api.github.com/repos//actions/secrets/public-key 401
[debug] [2022-09-10T23:16:00.982Z] <<< [apiv2][body] GET https://api.github.com/repos//actions/secrets/public-key {"message":"Bad credentials","documentation_url":"https://docs.github.com/rest"}
[debug] [2022-09-10T23:16:01.030Z] <<< [apiv2][status] GET https://api.github.com/repos/walterARG2K/desafio-mod-8/actions/secrets/public-key 401
[debug] [2022-09-10T23:16:01.030Z] <<< [apiv2][body] GET https://api.github.com/repos/walterARG2K/desafio-mod-8/actions/secrets/public-key {"message":"Bad credentials","documentation_url":"https://docs.github.com/rest"}
[debug] [2022-09-10T23:16:01.048Z] <<< [apiv2][status] GET https://api.github.com/repos//actions/secrets/public-key 401
[debug] [2022-09-10T23:16:01.048Z] <<< [apiv2][body] GET https://api.github.com/repos//actions/secrets/public-key {"message":"Bad credentials","documentation_url":"https://docs.github.com/rest"}
[debug] [2022-09-10T23:16:43.485Z] >>> [apiv2][query] GET https://api.github.com/repos/walterARG2K/desafio-mod-8/actions/secrets/public-key type=owner
[debug] [2022-09-10T23:16:43.866Z] <<< [apiv2][status] GET https://api.github.com/repos/walterARG2K/desafio-mod-8/actions/secrets/public-key 401
[debug] [2022-09-10T23:16:43.866Z] <<< [apiv2][body] GET https://api.github.com/repos/walterARG2K/desafio-mod-8/actions/secrets/public-key {"message":"Bad credentials","documentation_url":"https://docs.github.com/rest"}
[debug] [2022-09-10T23:16:44.073Z] >>> [apiv2][query] GET https://api.github.com/repos/walterARG2K/desafio-mod-8/actions/secrets/public-key type=owner
[debug] [2022-09-10T23:16:44.441Z] <<< [apiv2][status] GET https://api.github.com/repos/walterARG2K/desafio-mod-8/actions/secrets/public-key 401
[debug] [2022-09-10T23:16:44.441Z] <<< [apiv2][body] GET https://api.github.com/repos/walterARG2K/desafio-mod-8/actions/secrets/public-key {"message":"Bad credentials","documentation_url":"https://docs.github.com/rest"}
[debug] [2022-09-10T23:16:45.522Z] >>> [apiv2][query] GET https://api.github.com/repos/walterARG2K/desafio-mod-8/actions/secrets/public-key type=owner
[debug] [2022-09-10T23:16:45.864Z] >>> [apiv2][query] GET https://api.github.com/repos//actions/secrets/public-key type=owner
[debug] [2022-09-10T23:16:45.905Z] <<< [apiv2][status] GET https://api.github.com/repos/walterARG2K/desafio-mod-8/actions/secrets/public-key 401
[debug] [2022-09-10T23:16:45.905Z] <<< [apiv2][body] GET https://api.github.com/repos/walterARG2K/desafio-mod-8/actions/secrets/public-key {"message":"Bad credentials","documentation_url":"https://docs.github.com/rest"}
[debug] [2022-09-10T23:16:46.229Z] <<< [apiv2][status] GET https://api.github.com/repos//actions/secrets/public-key 401
[debug] [2022-09-10T23:16:46.229Z] <<< [apiv2][body] GET https://api.github.com/repos//actions/secrets/public-key {"message":"Bad credentials","documentation_url":"https://docs.github.com/rest"}
[debug] [2022-09-10T23:16:46.970Z] >>> [apiv2][query] GET https://api.github.com/repos/walterARG2K/desafio-mod-8/actions/secrets/public-key type=owner
[debug] [2022-09-10T23:16:47.366Z] <<< [apiv2][status] GET https://api.github.com/repos/walterARG2K/desafio-mod-8/actions/secrets/public-key 401
[debug] [2022-09-10T23:16:47.366Z] <<< [apiv2][body] GET https://api.github.com/repos/walterARG2K/desafio-mod-8/actions/secrets/public-key {"message":"Bad credentials","documentation_url":"https://docs.github.com/rest"}
[debug] [2022-09-10T23:16:47.797Z] >>> [apiv2][query] GET https://api.github.com/repos/walterARG2K/desafio-mod-8/actions/secrets/public-key type=owner
[debug] [2022-09-10T23:16:48.177Z] <<< [apiv2][status] GET https://api.github.com/repos/walterARG2K/desafio-mod-8/actions/secrets/public-key 401
[debug] [2022-09-10T23:16:48.178Z] <<< [apiv2][body] GET https://api.github.com/repos/walterARG2K/desafio-mod-8/actions/secrets/public-key {"message":"Bad credentials","documentation_url":"https://docs.github.com/rest"}
